ERROR - 2013-10-08 21:32:51 --> 404 Page Not Found --> caro/waittingResult
ERROR - 2013-10-08 21:45:04 --> 404 Page Not Found --> caro/waittingResult
ERROR - 2013-10-08 22:51:43 --> Severity: Warning  --> Invalid argument supplied for foreach() C:\xampp\htdocs\hmvc\application\modules\caro\views\index.php 28
ERROR - 2013-10-08 22:51:45 --> Severity: Warning  --> Invalid argument supplied for foreach() C:\xampp\htdocs\hmvc\application\modules\caro\views\index.php 28
ERROR - 2013-10-08 22:51:50 --> Severity: Warning  --> Invalid argument supplied for foreach() C:\xampp\htdocs\hmvc\application\modules\caro\views\index.php 28
ERROR - 2013-10-08 22:58:36 --> Severity: Warning  --> Invalid argument supplied for foreach() C:\xampp\htdocs\hmvc\application\modules\caro\views\index.php 28
ERROR - 2013-10-08 22:58:38 --> Severity: Warning  --> Invalid argument supplied for foreach() C:\xampp\htdocs\hmvc\application\modules\caro\views\index.php 28
ERROR - 2013-10-08 23:00:01 --> Severity: Warning  --> Invalid argument supplied for foreach() C:\xampp\htdocs\hmvc\application\modules\caro\views\index.php 28
ERROR - 2013-10-08 23:10:51 --> Query error: You have an error in your SQL syntax; check the manual that corresponds to your MySQL server version for the right syntax to use near '' at line 1
ERROR - 2013-10-08 23:11:30 --> Query error: You have an error in your SQL syntax; check the manual that corresponds to your MySQL server version for the right syntax to use near '' at line 1
ERROR - 2013-10-08 23:11:57 --> Query error: You have an error in your SQL syntax; check the manual that corresponds to your MySQL server version for the right syntax to use near '' at line 1
ERROR - 2013-10-08 23:12:11 --> Query error: You have an error in your SQL syntax; check the manual that corresponds to your MySQL server version for the right syntax to use near '' at line 1
ERROR - 2013-12-09 09:38:56 --> 404 Page Not Found --> showyourbest/index
ERROR - 2013-12-09 09:39:03 --> 404 Page Not Found --> showyourbest/index
ERROR - 2013-12-09 09:39:12 --> 404 Page Not Found --> 
ERROR - 2013-12-09 09:39:14 --> 404 Page Not Found --> showyourbest/index
ERROR - 2013-12-09 09:39:30 --> 404 Page Not Found --> 
ERROR - 2013-12-09 09:50:57 --> 404 Page Not Found --> 
ERROR - 2013-12-09 10:03:57 --> 404 Page Not Found --> 
ERROR - 2013-12-09 10:05:53 --> 404 Page Not Found --> 
ERROR - 2013-12-09 10:09:09 --> 404 Page Not Found --> showyourbest/index.php
ERROR - 2013-12-09 10:09:13 --> 404 Page Not Found --> 
ERROR - 2013-12-09 10:09:23 --> 404 Page Not Found --> showyourbest/index.php
ERROR - 2013-12-09 10:09:34 --> 404 Page Not Found --> showyourbest/inde
ERROR - 2013-12-09 10:09:38 --> 404 Page Not Found --> showyourbest/styles
ERROR - 2013-12-09 10:09:38 --> 404 Page Not Found --> showyourbest/images
ERROR - 2013-12-09 10:09:38 --> 404 Page Not Found --> showyourbest/images
ERROR - 2013-12-09 10:09:38 --> 404 Page Not Found --> showyourbest/images
ERROR - 2013-12-09 10:09:38 --> 404 Page Not Found --> showyourbest/images
ERROR - 2013-12-09 10:09:38 --> 404 Page Not Found --> showyourbest/images
ERROR - 2013-12-09 10:09:38 --> 404 Page Not Found --> showyourbest/images
ERROR - 2013-12-09 10:09:39 --> 404 Page Not Found --> showyourbest/images
ERROR - 2013-12-09 10:09:39 --> 404 Page Not Found --> showyourbest/images
ERROR - 2013-12-09 10:09:39 --> 404 Page Not Found --> showyourbest/images
ERROR - 2013-12-09 10:09:39 --> 404 Page Not Found --> showyourbest/images
ERROR - 2013-12-09 10:09:39 --> 404 Page Not Found --> showyourbest/images
ERROR - 2013-12-09 10:09:39 --> 404 Page Not Found --> showyourbest/images
ERROR - 2013-12-09 10:09:39 --> 404 Page Not Found --> showyourbest/images
ERROR - 2013-12-09 10:09:45 --> 404 Page Not Found --> showyourbest/info
ERROR - 2013-12-09 10:09:50 --> 404 Page Not Found --> showyourbest/images
ERROR - 2013-12-09 10:09:50 --> 404 Page Not Found --> showyourbest/images
ERROR - 2013-12-09 10:09:50 --> 404 Page Not Found --> showyourbest/styles
ERROR - 2013-12-09 10:09:50 --> 404 Page Not Found --> showyourbest/images
ERROR - 2013-12-09 10:09:50 --> 404 Page Not Found --> showyourbest/images
ERROR - 2013-12-09 10:09:50 --> 404 Page Not Found --> showyourbest/images
ERROR - 2013-12-09 10:09:50 --> 404 Page Not Found --> showyourbest/images
ERROR - 2013-12-09 10:09:50 --> 404 Page Not Found --> showyourbest/images
ERROR - 2013-12-09 10:09:50 --> 404 Page Not Found --> showyourbest/images
ERROR - 2013-12-09 10:09:50 --> 404 Page Not Found --> showyourbest/images
ERROR - 2013-12-09 10:09:50 --> 404 Page Not Found --> showyourbest/images
ERROR - 2013-12-09 10:09:50 --> 404 Page Not Found --> showyourbest/images
ERROR - 2013-12-09 10:09:50 --> 404 Page Not Found --> showyourbest/images
ERROR - 2013-12-09 10:09:50 --> 404 Page Not Found --> showyourbest/images
ERROR - 2013-12-09 10:09:59 --> 404 Page Not Found --> 
ERROR - 2013-12-09 10:12:03 --> 404 Page Not Found --> 
ERROR - 2013-12-09 10:12:04 --> 404 Page Not Found --> 
ERROR - 2013-12-09 10:12:05 --> 404 Page Not Found --> 
ERROR - 2013-12-09 10:12:12 --> 404 Page Not Found --> showyourbest/images
ERROR - 2013-12-09 11:13:51 --> 404 Page Not Found --> 
ERROR - 2013-12-09 11:32:34 --> 404 Page Not Found --> 
ERROR - 2013-12-09 11:32:34 --> 404 Page Not Found --> 
ERROR - 2013-12-09 11:33:00 --> 404 Page Not Found --> 
ERROR - 2013-12-09 11:33:00 --> 404 Page Not Found --> 
ERROR - 2013-12-09 11:34:02 --> 404 Page Not Found --> 
ERROR - 2013-12-09 11:35:04 --> 404 Page Not Found --> 
ERROR - 2013-12-09 11:35:04 --> 404 Page Not Found --> 
ERROR - 2013-12-09 11:35:07 --> 404 Page Not Found --> 
ERROR - 2013-12-09 11:37:28 --> 404 Page Not Found --> 
ERROR - 2013-12-09 11:37:28 --> 404 Page Not Found --> 
ERROR - 2013-12-09 11:38:02 --> 404 Page Not Found --> 
ERROR - 2013-12-09 11:38:02 --> 404 Page Not Found --> 
ERROR - 2013-12-09 11:41:26 --> 404 Page Not Found --> 
ERROR - 2013-12-09 11:41:29 --> 404 Page Not Found --> 
ERROR - 2013-12-09 11:42:30 --> 404 Page Not Found --> 
